2025-09-29 15:43:08.876664 - User: Anonymous - Path: /api/login/
2025-09-29 15:43:31.211240 - User: china_baby@gmail.com - Path: /api/messages/
2025-09-29 16:01:59.558383 - User: china_baby@gmail.com - Path: /api/conversations/
2025-10-02 11:01:55.443266 - User: Anonymous - Path: /api/conversations/
2025-10-02 11:02:53.150813 - User: Anonymous - Path: /api/login/
2025-10-02 11:03:04.233706 - User: china_baby@gmail.com - Path: /api/messages/
2025-10-02 11:04:11.370346 - User: china_baby@gmail.com - Path: /api/messages/
2025-10-02 12:44:00.441637 - User: Anonymous - Path: /api/login/
2025-10-02 12:44:08.941767 - User: Anonymous - Path: /api/profile/
2025-10-02 12:46:29.036595 - User: Anonymous - Path: /api/login/
2025-10-02 12:46:33.523904 - User: Anonymous - Path: /api/profile/
2025-10-02 12:46:49.855543 - User: china_baby@gmail.com - Path: /api/profile/
2025-10-02 12:54:23.537787 - User: Anonymous - Path: /api/login/
2025-10-02 12:54:28.432472 - User: china_baby@gmail.com - Path: /api/profile/
2025-10-02 12:56:34.827629 - User: china_baby@gmail.com - Path: /api/profile/
2025-10-02 13:14:07.583473 - User: Anonymous - Path: /api/profile/
2025-10-02 13:14:16.945812 - User: Anonymous - Path: /api/login/
2025-10-02 13:14:41.032255 - User: china_baby@gmail.com - Path: /api/profile/
2025-10-02 13:15:03.153419 - User: china_baby@gmail.com - Path: /api/profile/
2025-10-02 13:19:36.925002 - User: Anonymous - Path: /api/login/
2025-10-02 13:19:45.413820 - User: china_baby@gmail.com - Path: /api/users/
2025-10-02 13:19:53.044541 - User: china_baby@gmail.com - Path: /api/users/
2025-10-02 13:19:59.078764 - User: china_baby@gmail.com - Path: /api/messages/
2025-10-02 13:20:15.141800 - User: china_baby@gmail.com - Path: /api/conversations/
2025-10-02 13:20:20.797780 - User: china_baby@gmail.com - Path: /api/profile/
2025-10-02 13:23:47.559675 - User: china_baby@gmail.com - Path: /api/profile/
2025-10-02 13:26:39.361745 - User: Anonymous - Path: /api/profile/
2025-10-02 13:26:47.389358 - User: Anonymous - Path: /api/login/
2025-10-02 13:26:51.888353 - User: china_baby@gmail.com - Path: /api/profile/
2025-10-02 13:31:08.060372 - User: china_baby@gmail.com - Path: /api/profile/
2025-10-02 13:50:27.208672 - User: Anonymous - Path: /api/login/
2025-10-02 13:50:31.869949 - User: china_baby@gmail.com - Path: /api/profile/
2025-10-02 13:54:27.082092 - User: china_baby@gmail.com - Path: /api/profile/
2025-10-02 13:54:52.341779 - User: Anonymous - Path: /api/login/
2025-10-02 13:54:58.410796 - User: china_baby@gmail.com - Path: /api/profile/
2025-10-02 14:15:34.565808 - User: Anonymous - Path: /api/profile/
2025-10-02 14:15:42.705255 - User: Anonymous - Path: /api/login/
2025-10-02 14:15:50.671999 - User: Anonymous - Path: /api/profile/
2025-10-02 14:16:17.978924 - User: Anonymous - Path: /api/users/
2025-10-02 14:16:41.099422 - User: Anonymous - Path: /api/users/
2025-10-02 14:17:48.944123 - User: Anonymous - Path: /api/users/
2025-10-02 14:21:53.660781 - User: Anonymous - Path: /api/users/
2025-10-02 14:23:41.223728 - User: Anonymous - Path: /api/users/
2025-10-02 14:23:56.028905 - User: Anonymous - Path: /api/users/
2025-10-02 14:25:01.029591 - User: Anonymous - Path: /api/login/
2025-10-02 14:25:13.041355 - User: bob@example.com - Path: /api/profile/
2025-10-02 14:27:44.711105 - User: bob@example.com - Path: /api/profile/
2025-10-02 14:28:18.846857 - User: bob@example.com - Path: /api/messages/
2025-10-02 14:28:33.735874 - User: bob@example.com - Path: /api/profile/
2025-10-02 14:29:09.948162 - User: bob@example.com - Path: /api/users/
2025-10-02 14:36:58.686979 - User: Anonymous - Path: /api/profile/
2025-10-02 14:37:09.843316 - User: Anonymous - Path: /api/login/
2025-10-02 14:37:15.022935 - User: bob@example.com - Path: /api/profile/
2025-10-02 14:38:46.284829 - User: Anonymous - Path: /api/users/
2025-10-02 14:39:33.724305 - User: Anonymous - Path: /api/users/
2025-10-02 14:40:32.714025 - User: bob@example.com - Path: /api/conversations/
2025-10-02 14:40:46.362153 - User: bob@example.com - Path: /api/conversations/
2025-10-02 17:22:54.248542 - User: Anonymous - Path: /api/login/
2025-10-03 11:20:39.410459 - User: Anonymous - Path: /api/login/
2025-10-03 11:33:43.333875 - User: Anonymous - Path: /api/login/
2025-10-03 11:33:48.086137 - User: Anonymous - Path: /api/login/
2025-10-03 11:33:52.681229 - User: Anonymous - Path: /api/login/
2025-10-03 11:33:57.257254 - User: Anonymous - Path: /api/login/
2025-10-03 11:34:01.947881 - User: Anonymous - Path: /api/login/
2025-10-03 11:37:33.610273 - User: Anonymous - Path: /api/login/
2025-10-03 11:37:38.700940 - User: Anonymous - Path: /api/login/
2025-10-03 11:37:43.379933 - User: Anonymous - Path: /api/login/
2025-10-03 11:37:47.999537 - User: Anonymous - Path: /api/login/
2025-10-03 11:37:52.641707 - User: Anonymous - Path: /api/login/
2025-10-03 11:40:06.753946 - User: Anonymous - Path: /api/login/
2025-10-03 11:40:12.556086 - User: Anonymous - Path: /api/login/
2025-10-03 11:40:17.212127 - User: Anonymous - Path: /api/login/
2025-10-03 11:40:21.713459 - User: Anonymous - Path: /api/login/
2025-10-03 11:40:26.242511 - User: Anonymous - Path: /api/login/
2025-10-03 11:40:30.875386 - User: Anonymous - Path: /api/login/
2025-10-03 11:40:35.645953 - User: Anonymous - Path: /api/login/
2025-10-03 11:40:40.531732 - User: Anonymous - Path: /api/login/
2025-10-03 12:03:42.854593 - User: Anonymous - Path: /api/login/
2025-10-03 12:04:18.065508 - User: bob@example.com - Path: /api/profile/
2025-10-03 12:04:53.836228 - User: bob@example.com - Path: /api/conversations/
2025-10-03 12:08:41.118484 - User: bob@example.com - Path: /api/conversations/
2025-10-03 12:12:26.583001 - User: Anonymous - Path: /api/conversations/
2025-10-03 12:12:34.960770 - User: Anonymous - Path: /api/login/
2025-10-03 12:12:39.388770 - User: bob@example.com - Path: /api/conversations/
2025-10-03 12:14:09.914471 - User: bob@example.com - Path: /api/conversations/
2025-10-03 12:15:11.942707 - User: bob@example.com - Path: /api/conversations/
2025-10-03 12:15:14.509882 - User: bob@example.com - Path: /api/conversations/
2025-10-03 12:21:07.154211 - User: Anonymous - Path: /api/conversations/
2025-10-03 12:21:37.677962 - User: Anonymous - Path: /api/users/
2025-10-03 12:21:48.388137 - User: Anonymous - Path: /api/login/
2025-10-03 12:21:53.839606 - User: bob@example.com - Path: /api/users/
2025-10-03 12:23:41.890108 - User: bob@example.com - Path: /api/conversations/
2025-10-03 12:28:43.191940 - User: Anonymous - Path: /api/conversations/
2025-10-03 12:28:51.548272 - User: Anonymous - Path: /api/login/
2025-10-03 12:28:56.211602 - User: bob@example.com - Path: /api/conversations/
2025-10-03 12:42:35.417964 - User: Anonymous - Path: /api/login/
2025-10-03 12:42:40.915846 - User: bob@example.com - Path: /api/conversations/
2025-10-03 12:43:28.464956 - User: bob@example.com - Path: /api/conversations/
2025-10-03 12:44:33.455498 - User: bob@example.com - Path: /api/messages/
2025-10-03 12:45:21.653514 - User: bob@example.com - Path: /api/messages/
2025-10-03 12:45:57.022061 - User: bob@example.com - Path: /api/conversations/
2025-10-03 13:22:07.242993 - User: Anonymous - Path: /api/login/
2025-10-03 13:22:14.282796 - User: bob@example.com - Path: /api/conversations/
2025-10-03 13:24:16.111580 - User: bob@example.com - Path: /api/conversations/
2025-10-03 13:24:41.665109 - User: bob@example.com - Path: /api/conversations/
2025-10-03 13:25:25.725840 - User: bob@example.com - Path: /api/messages/
2025-10-03 13:25:48.389172 - User: bob@example.com - Path: /api/conversations/
2025-10-03 13:26:46.050879 - User: bob@example.com - Path: /api/messages/
2025-10-03 13:26:53.937632 - User: bob@example.com - Path: /api/conversations/
2025-10-03 13:27:38.599495 - User: Anonymous - Path: /api/messages/
2025-10-03 13:27:56.456358 - User: Anonymous - Path: /api/login/
2025-10-03 13:28:03.036146 - User: bob@example.com - Path: /api/users/
2025-10-03 13:28:19.022230 - User: bob@example.com - Path: /api/messages/
2025-10-03 13:28:21.024375 - User: bob@example.com - Path: /api/messages/
2025-10-03 13:28:22.755419 - User: bob@example.com - Path: /api/messages/
2025-10-03 13:28:24.153132 - User: bob@example.com - Path: /api/messages/
2025-10-03 13:28:25.665779 - User: bob@example.com - Path: /api/messages/
2025-10-03 13:28:27.204796 - User: bob@example.com - Path: /api/messages/
2025-10-03 13:28:28.528473 - User: bob@example.com - Path: /api/messages/
2025-10-03 13:28:40.034027 - User: bob@example.com - Path: /api/messages/
2025-10-03 13:28:42.198023 - User: bob@example.com - Path: /api/messages/
2025-10-03 13:28:43.642011 - User: bob@example.com - Path: /api/messages/
2025-10-03 13:28:45.075720 - User: bob@example.com - Path: /api/messages/
2025-10-03 13:28:46.436885 - User: bob@example.com - Path: /api/messages/
2025-10-03 13:28:47.785650 - User: bob@example.com - Path: /api/messages/
2025-10-03 13:28:49.101472 - User: bob@example.com - Path: /api/messages/
2025-10-03 13:28:50.438767 - User: bob@example.com - Path: /api/messages/
2025-10-03 13:30:43.587428 - User: Anonymous - Path: /api/login/
2025-10-03 13:31:23.156129 - User: bob@example.com - Path: /api/messages/
2025-10-03 13:31:25.241519 - User: bob@example.com - Path: /api/messages/
2025-10-03 13:31:26.867399 - User: bob@example.com - Path: /api/messages/
2025-10-03 13:31:28.544344 - User: bob@example.com - Path: /api/messages/
2025-10-03 13:31:30.141658 - User: bob@example.com - Path: /api/messages/
2025-10-03 13:31:44.013086 - User: bob@example.com - Path: /api/conversations/
2025-10-03 13:53:13.928360 - User: Anonymous - Path: /api/login/
2025-10-03 13:55:42.761532 - User: Anonymous - Path: /api/login/
2025-10-03 14:05:07.559321 - User: Anonymous - Path: /api/login/
2025-10-03 14:08:06.519764 - User: Anonymous - Path: /api/login/
2025-10-03 14:21:18.217538 - User: Anonymous - Path: /api/login/
2025-10-03 14:39:56.716844 - User: Anonymous - Path: /api/login/
2025-10-03 14:46:33.788237 - User: Anonymous - Path: /api/users/
2025-10-03 14:47:18.483137 - User: Anonymous - Path: /api/login/
2025-10-03 14:47:23.571779 - User: chikamark@example.com - Path: /api/users/
2025-10-03 14:47:39.702021 - User: chikamark@example.com - Path: /api/messages/
2025-10-03 14:48:07.364913 - User: chikamark@example.com - Path: /api/messages/
2025-10-03 14:48:10.351803 - User: chikamark@example.com - Path: /api/messages/
2025-10-03 14:48:17.933444 - User: chikamark@example.com - Path: /api/profile/
2025-10-03 14:48:53.723603 - User: chikamark@example.com - Path: /api/conversations/
2025-10-03 14:48:58.205288 - User: chikamark@example.com - Path: /api/conversations/
2025-10-03 14:49:00.085661 - User: chikamark@example.com - Path: /api/conversations/
2025-10-03 14:49:16.321334 - User: chikamark@example.com - Path: /api/profile/
2025-10-03 14:57:49.497588 - User: Anonymous - Path: /api/login/
2025-10-03 14:58:02.149204 - User: chikamark@example.com - Path: /api/profile/
2025-10-03 15:09:09.341087 - User: Anonymous - Path: /api/profile/
2025-10-03 15:09:17.620119 - User: Anonymous - Path: /api/login/
2025-10-03 15:10:03.365348 - User: Anonymous - Path: /api/users/
2025-10-03 15:10:28.646579 - User: Anonymous - Path: /api/login/
2025-10-03 15:10:34.122570 - User: soniamark@example.com - Path: /api/profile/
2025-10-03 15:11:06.057811 - User: Anonymous - Path: /api/login/
2025-10-03 15:11:11.271707 - User: chikamark@example.com - Path: /api/profile/
2025-10-03 15:11:24.825090 - User: chikamark@example.com - Path: /api/profile/
2025-10-03 15:11:40.803550 - User: chikamark@example.com - Path: /api/users/
2025-10-03 15:25:34.832361 - User: Anonymous - Path: /api/profile/808f377e-36df-40b2-98f3-2fc249264a3e
2025-10-03 15:25:52.410360 - User: Anonymous - Path: /api/profile/808f377e-36df-40b2-98f3-2fc249264a3e/
2025-10-03 15:26:06.651877 - User: Anonymous - Path: /api/login/
2025-10-03 15:26:32.408272 - User: chikamark@example.com - Path: /api/profile/
2025-10-03 15:26:50.216794 - User: chikamark@example.com - Path: /api/profile/808f377e-36df-40b2-98f3-2fc249264a3e/
