2025-09-29 15:43:08.876664 - User: Anonymous - Path: /api/login/
2025-09-29 15:43:31.211240 - User: china_baby@gmail.com - Path: /api/messages/
2025-09-29 16:01:59.558383 - User: china_baby@gmail.com - Path: /api/conversations/
2025-10-02 11:01:55.443266 - User: Anonymous - Path: /api/conversations/
2025-10-02 11:02:53.150813 - User: Anonymous - Path: /api/login/
2025-10-02 11:03:04.233706 - User: china_baby@gmail.com - Path: /api/messages/
2025-10-02 11:04:11.370346 - User: china_baby@gmail.com - Path: /api/messages/
2025-10-02 12:44:00.441637 - User: Anonymous - Path: /api/login/
2025-10-02 12:44:08.941767 - User: Anonymous - Path: /api/profile/
2025-10-02 12:46:29.036595 - User: Anonymous - Path: /api/login/
2025-10-02 12:46:33.523904 - User: Anonymous - Path: /api/profile/
2025-10-02 12:46:49.855543 - User: china_baby@gmail.com - Path: /api/profile/
2025-10-02 12:54:23.537787 - User: Anonymous - Path: /api/login/
2025-10-02 12:54:28.432472 - User: china_baby@gmail.com - Path: /api/profile/
2025-10-02 12:56:34.827629 - User: china_baby@gmail.com - Path: /api/profile/
2025-10-02 13:14:07.583473 - User: Anonymous - Path: /api/profile/
2025-10-02 13:14:16.945812 - User: Anonymous - Path: /api/login/
2025-10-02 13:14:41.032255 - User: china_baby@gmail.com - Path: /api/profile/
2025-10-02 13:15:03.153419 - User: china_baby@gmail.com - Path: /api/profile/
2025-10-02 13:19:36.925002 - User: Anonymous - Path: /api/login/
2025-10-02 13:19:45.413820 - User: china_baby@gmail.com - Path: /api/users/
2025-10-02 13:19:53.044541 - User: china_baby@gmail.com - Path: /api/users/
2025-10-02 13:19:59.078764 - User: china_baby@gmail.com - Path: /api/messages/
2025-10-02 13:20:15.141800 - User: china_baby@gmail.com - Path: /api/conversations/
2025-10-02 13:20:20.797780 - User: china_baby@gmail.com - Path: /api/profile/
2025-10-02 13:23:47.559675 - User: china_baby@gmail.com - Path: /api/profile/
2025-10-02 13:26:39.361745 - User: Anonymous - Path: /api/profile/
2025-10-02 13:26:47.389358 - User: Anonymous - Path: /api/login/
2025-10-02 13:26:51.888353 - User: china_baby@gmail.com - Path: /api/profile/
2025-10-02 13:31:08.060372 - User: china_baby@gmail.com - Path: /api/profile/
2025-10-02 13:50:27.208672 - User: Anonymous - Path: /api/login/
2025-10-02 13:50:31.869949 - User: china_baby@gmail.com - Path: /api/profile/
2025-10-02 13:54:27.082092 - User: china_baby@gmail.com - Path: /api/profile/
2025-10-02 13:54:52.341779 - User: Anonymous - Path: /api/login/
2025-10-02 13:54:58.410796 - User: china_baby@gmail.com - Path: /api/profile/
2025-10-02 14:15:34.565808 - User: Anonymous - Path: /api/profile/
2025-10-02 14:15:42.705255 - User: Anonymous - Path: /api/login/
2025-10-02 14:15:50.671999 - User: Anonymous - Path: /api/profile/
2025-10-02 14:16:17.978924 - User: Anonymous - Path: /api/users/
2025-10-02 14:16:41.099422 - User: Anonymous - Path: /api/users/
2025-10-02 14:17:48.944123 - User: Anonymous - Path: /api/users/
2025-10-02 14:21:53.660781 - User: Anonymous - Path: /api/users/
2025-10-02 14:23:41.223728 - User: Anonymous - Path: /api/users/
2025-10-02 14:23:56.028905 - User: Anonymous - Path: /api/users/
2025-10-02 14:25:01.029591 - User: Anonymous - Path: /api/login/
2025-10-02 14:25:13.041355 - User: bob@example.com - Path: /api/profile/
2025-10-02 14:27:44.711105 - User: bob@example.com - Path: /api/profile/
2025-10-02 14:28:18.846857 - User: bob@example.com - Path: /api/messages/
2025-10-02 14:28:33.735874 - User: bob@example.com - Path: /api/profile/
2025-10-02 14:29:09.948162 - User: bob@example.com - Path: /api/users/
2025-10-02 14:36:58.686979 - User: Anonymous - Path: /api/profile/
2025-10-02 14:37:09.843316 - User: Anonymous - Path: /api/login/
2025-10-02 14:37:15.022935 - User: bob@example.com - Path: /api/profile/
2025-10-02 14:38:46.284829 - User: Anonymous - Path: /api/users/
2025-10-02 14:39:33.724305 - User: Anonymous - Path: /api/users/
2025-10-02 14:40:32.714025 - User: bob@example.com - Path: /api/conversations/
2025-10-02 14:40:46.362153 - User: bob@example.com - Path: /api/conversations/
2025-10-02 17:22:54.248542 - User: Anonymous - Path: /api/login/
